<html>
<head>
<title>TestNG:  LoginTest</title>
<link href="../testng.css" rel="stylesheet" type="text/css" />
<link href="../my-testng.css" rel="stylesheet" type="text/css" />

<style type="text/css">
.log { display: none;} 
.stack-trace { display: none;} 
</style>
<script type="text/javascript">
<!--
function flip(e) {
  current = e.style.display;
  if (current == 'block') {
    e.style.display = 'none';
    return 0;
  }
  else {
    e.style.display = 'block';
    return 1;
  }
}

function toggleBox(szDivId, elem, msg1, msg2)
{
  var res = -1;  if (document.getElementById) {
    res = flip(document.getElementById(szDivId));
  }
  else if (document.all) {
    // this is the way old msie versions work
    res = flip(document.all[szDivId]);
  }
  if(elem) {
    if(res == 0) elem.innerHTML = msg1; else elem.innerHTML = msg2;
  }

}

function toggleAllBoxes() {
  if (document.getElementsByTagName) {
    d = document.getElementsByTagName('div');
    for (i = 0; i < d.length; i++) {
      if (d[i].className == 'log') {
        flip(d[i]);
      }
    }
  }
}

// -->
</script>

</head>
<body>
<h2 align='center'>LoginTest</h2><table border='1' align="center">
<tr>
<td>Tests passed/Failed/Skipped:</td><td>15/2/0</td>
</tr><tr>
<td>Started on:</td><td>Mon Sep 18 15:06:15 IST 2017</td>
</tr>
<tr><td>Total time:</td><td>600 seconds (600971 ms)</td>
</tr><tr>
<td>Included groups:</td><td></td>
</tr><tr>
<td>Excluded groups:</td><td></td>
</tr>
</table><p/>
<small><i>(Hover the method name to see the test class name)</i></small><p/>
<table width='100%' border='1' class='invocation-failed'>
<tr><td colspan='4' align='center'><b>FAILED TESTS</b></td></tr>
<tr><td><b>Test method</b></td>
<td width="30%"><b>Exception</b></td>
<td width="10%"><b>Time (seconds)</b></td>
<td><b>Instance</b></td>
</tr>
<tr>
<td title='com.Servcorp.SearchingInDirectory.TC009_AdvancedSearchOnBasisOfProfile.advancd_searching_user_on_basis_of_profile()'><b>advancd_searching_user_on_basis_of_profile</b><br>Test class: com.Servcorp.SearchingInDirectory.TC009_AdvancedSearchOnBasisOfProfile<br/>
<a href="#Output-494894055" onClick='toggleBox("Output-494894055", this, "Show output", "Hide output");'>Show output</a>

<a href="#Output-494894055" onClick="toggleAllBoxes();">Show all outputs</a>
<div class='log' id="Output-494894055">
<a href='E:\DayUsers\Aravind\Work_Space\Servcorp\src\main\java\com\Servcorp\Failure_Screenshots\advancd_searching_user_on_basis_of_profile_18_09_2017_03_12_27.png'><img src='E:\DayUsers\Aravind\Work_Space\Servcorp\src\main\java\com\Servcorp\Failure_Screenshots\advancd_searching_user_on_basis_of_profile_18_09_2017_03_12_27.png'height='100'width='100'/></a><br/>
</div>
</td>
<td><div><pre>org.openqa.selenium.WebDriverException: unknown error: Element &lt;button ng-class=&quot;(IsAnyRunningRequestforPostMessage == true) ? &apos;filterDisable btn com_btn&apos;:&apos;btn com_btn&apos;&quot; type=&quot;submit&quot; class=&quot;ng-binding btn com_btn filterDisable&quot; style=&quot;&quot;&gt;...&lt;/button&gt; is not clickable at point (801, 333). Other element would receive the click: &lt;div class=&quot;col-lg-2 col-md-2 col-sm-2 col-xs-12&quot;&gt;...&lt;/div&gt;
  (Session info: chrome=60.0.3112.113)
  (Driver info: chromedriver=2.30.477700 (0057494ad8732195794a7b32078424f92a5fce41),platform=Windows NT 10.0.10240 x86_64) (WARNING: The server did not provide any stacktrace information)
Command duration or timeout: 108 milliseconds
Build info: version: &apos;3.4.0&apos;, revision: &apos;unknown&apos;, time: &apos;unknown&apos;
System info: host: &apos;DESKTOP-CVO2Q58&apos;, ip: &apos;172.10.95.119&apos;, os.name: &apos;Windows 10&apos;, os.arch: &apos;amd64&apos;, os.version: &apos;10.0&apos;, java.version: &apos;1.8.0_73&apos;
Driver info: org.openqa.selenium.chrome.ChromeDriver
Capabilities [{applicationCacheEnabled=false, rotatable=false, mobileEmulationEnabled=false, networkConnectionEnabled=false, chrome={chromedriverVersion=2.30.477700 (0057494ad8732195794a7b32078424f92a5fce41), userDataDir=C:\Users\ARAVIN~1\AppData\Local\Temp\scoped_dir6808_27866}, takesHeapSnapshot=true, pageLoadStrategy=normal, databaseEnabled=false, handlesAlerts=true, hasTouchScreen=false, version=60.0.3112.113, platform=XP, browserConnectionEnabled=false, nativeEvents=true, acceptSslCerts=true, locationContextEnabled=true, webStorageEnabled=true, browserName=chrome, takesScreenshot=true, javascriptEnabled=true, cssSelectorsEnabled=true, unexpectedAlertBehaviour=}]
Session ID: 82a090270507bf3dbc0f28b5713c6118
	at org.openqa.selenium.remote.ErrorHandler.createThrowable(ErrorHandler.java:215)
	at org.openqa.selenium.remote.ErrorHandler.throwIfResponseFailed(ErrorHandler.java:167)
	at org.openqa.selenium.remote.RemoteWebDriver.execute(RemoteWebDriver.java:671)
	at org.openqa.selenium.remote.RemoteWebElement.execute(RemoteWebElement.java:272)
	at org.openqa.selenium.remote.RemoteWebElement.click(RemoteWebElement.java:82)
	at org.openqa.selenium.support.pagefactory.internal.LocatingElementHandler.invoke(LocatingElementHandler.java:51)
	at com.sun.proxy.$Proxy8.click(Unknown Source)
	at com.Servcorp.uiActions.HomePage.click_search_button(HomePage.java:143)
	at com.Servcorp.SearchingInDirectory.TC009_AdvancedSearchOnBasisOfProfile.advancd_searching_user_on_basis_of_profile(TC009_AdvancedSearchOnBasisOfProfile.java:45)
... Removed 32 stack frames</pre></div><a href='#' onClick='toggleBox("stack-trace494894055", this, "Click to show all stack frames", "Click to hide stack frames")'>Click to show all stack frames</a>
<div class='stack-trace' id='stack-trace494894055'><pre>org.openqa.selenium.WebDriverException: unknown error: Element &lt;button ng-class=&quot;(IsAnyRunningRequestforPostMessage == true) ? &apos;filterDisable btn com_btn&apos;:&apos;btn com_btn&apos;&quot; type=&quot;submit&quot; class=&quot;ng-binding btn com_btn filterDisable&quot; style=&quot;&quot;&gt;...&lt;/button&gt; is not clickable at point (801, 333). Other element would receive the click: &lt;div class=&quot;col-lg-2 col-md-2 col-sm-2 col-xs-12&quot;&gt;...&lt;/div&gt;
  (Session info: chrome=60.0.3112.113)
  (Driver info: chromedriver=2.30.477700 (0057494ad8732195794a7b32078424f92a5fce41),platform=Windows NT 10.0.10240 x86_64) (WARNING: The server did not provide any stacktrace information)
Command duration or timeout: 108 milliseconds
Build info: version: &apos;3.4.0&apos;, revision: &apos;unknown&apos;, time: &apos;unknown&apos;
System info: host: &apos;DESKTOP-CVO2Q58&apos;, ip: &apos;172.10.95.119&apos;, os.name: &apos;Windows 10&apos;, os.arch: &apos;amd64&apos;, os.version: &apos;10.0&apos;, java.version: &apos;1.8.0_73&apos;
Driver info: org.openqa.selenium.chrome.ChromeDriver
Capabilities [{applicationCacheEnabled=false, rotatable=false, mobileEmulationEnabled=false, networkConnectionEnabled=false, chrome={chromedriverVersion=2.30.477700 (0057494ad8732195794a7b32078424f92a5fce41), userDataDir=C:\Users\ARAVIN~1\AppData\Local\Temp\scoped_dir6808_27866}, takesHeapSnapshot=true, pageLoadStrategy=normal, databaseEnabled=false, handlesAlerts=true, hasTouchScreen=false, version=60.0.3112.113, platform=XP, browserConnectionEnabled=false, nativeEvents=true, acceptSslCerts=true, locationContextEnabled=true, webStorageEnabled=true, browserName=chrome, takesScreenshot=true, javascriptEnabled=true, cssSelectorsEnabled=true, unexpectedAlertBehaviour=}]
Session ID: 82a090270507bf3dbc0f28b5713c6118
	at sun.reflect.NativeConstructorAccessorImpl.newInstance0(Native Method)
	at sun.reflect.NativeConstructorAccessorImpl.newInstance(Unknown Source)
	at sun.reflect.DelegatingConstructorAccessorImpl.newInstance(Unknown Source)
	at java.lang.reflect.Constructor.newInstance(Unknown Source)
	at org.openqa.selenium.remote.ErrorHandler.createThrowable(ErrorHandler.java:215)
	at org.openqa.selenium.remote.ErrorHandler.throwIfResponseFailed(ErrorHandler.java:167)
	at org.openqa.selenium.remote.RemoteWebDriver.execute(RemoteWebDriver.java:671)
	at org.openqa.selenium.remote.RemoteWebElement.execute(RemoteWebElement.java:272)
	at org.openqa.selenium.remote.RemoteWebElement.click(RemoteWebElement.java:82)
	at sun.reflect.GeneratedMethodAccessor37.invoke(Unknown Source)
	at sun.reflect.DelegatingMethodAccessorImpl.invoke(Unknown Source)
	at java.lang.reflect.Method.invoke(Unknown Source)
	at org.openqa.selenium.support.pagefactory.internal.LocatingElementHandler.invoke(LocatingElementHandler.java:51)
	at com.sun.proxy.$Proxy8.click(Unknown Source)
	at com.Servcorp.uiActions.HomePage.click_search_button(HomePage.java:143)
	at com.Servcorp.SearchingInDirectory.TC009_AdvancedSearchOnBasisOfProfile.advancd_searching_user_on_basis_of_profile(TC009_AdvancedSearchOnBasisOfProfile.java:45)
	at sun.reflect.NativeMethodAccessorImpl.invoke0(Native Method)
	at sun.reflect.NativeMethodAccessorImpl.invoke(Unknown Source)
	at sun.reflect.DelegatingMethodAccessorImpl.invoke(Unknown Source)
	at java.lang.reflect.Method.invoke(Unknown Source)
	at org.testng.internal.MethodInvocationHelper.invokeMethod(MethodInvocationHelper.java:104)
	at org.testng.internal.Invoker.invokeMethod(Invoker.java:645)
	at org.testng.internal.Invoker.invokeTestMethod(Invoker.java:851)
	at org.testng.internal.Invoker.invokeTestMethods(Invoker.java:1177)
	at org.testng.internal.TestMethodWorker.invokeTestMethods(TestMethodWorker.java:129)
	at org.testng.internal.TestMethodWorker.run(TestMethodWorker.java:112)
	at org.testng.TestRunner.privateRun(TestRunner.java:756)
	at org.testng.TestRunner.run(TestRunner.java:610)
	at org.testng.SuiteRunner.runTest(SuiteRunner.java:387)
	at org.testng.SuiteRunner.runSequentially(SuiteRunner.java:382)
	at org.testng.SuiteRunner.privateRun(SuiteRunner.java:340)
	at org.testng.SuiteRunner.run(SuiteRunner.java:289)
	at org.testng.SuiteRunnerWorker.runSuite(SuiteRunnerWorker.java:52)
	at org.testng.SuiteRunnerWorker.run(SuiteRunnerWorker.java:86)
	at org.testng.TestNG.runSuitesSequentially(TestNG.java:1293)
	at org.testng.TestNG.runSuitesLocally(TestNG.java:1218)
	at org.testng.TestNG.runSuites(TestNG.java:1133)
	at org.testng.TestNG.run(TestNG.java:1104)
	at org.testng.remote.AbstractRemoteTestNG.run(AbstractRemoteTestNG.java:132)
	at org.testng.remote.RemoteTestNG.initAndRun(RemoteTestNG.java:230)
	at org.testng.remote.RemoteTestNG.main(RemoteTestNG.java:76)
</pre></div></td>
<td>30</td>
<td>com.Servcorp.SearchingInDirectory.TC009_AdvancedSearchOnBasisOfProfile@4206a205</td></tr>
<tr>
<td title='com.Servcorp.SearchingInDirectory.TC008_VerifyingInfinityLoaderMessage.verify_infity_loader_message()'><b>verify_infity_loader_message</b><br>Test class: com.Servcorp.SearchingInDirectory.TC008_VerifyingInfinityLoaderMessage<br/>
<a href="#Output-593768538" onClick='toggleBox("Output-593768538", this, "Show output", "Hide output");'>Show output</a>

<a href="#Output-593768538" onClick="toggleAllBoxes();">Show all outputs</a>
<div class='log' id="Output-593768538">
<a href='E:\DayUsers\Aravind\Work_Space\Servcorp\src\main\java\com\Servcorp\Failure_Screenshots\verify_infity_loader_message_18_09_2017_03_11_33.png'><img src='E:\DayUsers\Aravind\Work_Space\Servcorp\src\main\java\com\Servcorp\Failure_Screenshots\verify_infity_loader_message_18_09_2017_03_11_33.png'height='100'width='100'/></a><br/>
</div>
</td>
<td><div><pre>org.openqa.selenium.WebDriverException: unknown error: Element &lt;button ng-class=&quot;(IsAnyRunningRequestforPostMessage == true) ? &apos;filterDisable btn com_btn&apos;:&apos;btn com_btn&apos;&quot; type=&quot;submit&quot; class=&quot;ng-binding btn com_btn filterDisable&quot; style=&quot;&quot;&gt;...&lt;/button&gt; is not clickable at point (801, 333). Other element would receive the click: &lt;div class=&quot;col-lg-2 col-md-2 col-sm-2 col-xs-12&quot;&gt;...&lt;/div&gt;
  (Session info: chrome=60.0.3112.113)
  (Driver info: chromedriver=2.30.477700 (0057494ad8732195794a7b32078424f92a5fce41),platform=Windows NT 10.0.10240 x86_64) (WARNING: The server did not provide any stacktrace information)
Command duration or timeout: 88 milliseconds
Build info: version: &apos;3.4.0&apos;, revision: &apos;unknown&apos;, time: &apos;unknown&apos;
System info: host: &apos;DESKTOP-CVO2Q58&apos;, ip: &apos;172.10.95.119&apos;, os.name: &apos;Windows 10&apos;, os.arch: &apos;amd64&apos;, os.version: &apos;10.0&apos;, java.version: &apos;1.8.0_73&apos;
Driver info: org.openqa.selenium.chrome.ChromeDriver
Capabilities [{applicationCacheEnabled=false, rotatable=false, mobileEmulationEnabled=false, networkConnectionEnabled=false, chrome={chromedriverVersion=2.30.477700 (0057494ad8732195794a7b32078424f92a5fce41), userDataDir=C:\Users\ARAVIN~1\AppData\Local\Temp\scoped_dir4932_4568}, takesHeapSnapshot=true, pageLoadStrategy=normal, databaseEnabled=false, handlesAlerts=true, hasTouchScreen=false, version=60.0.3112.113, platform=XP, browserConnectionEnabled=false, nativeEvents=true, acceptSslCerts=true, locationContextEnabled=true, webStorageEnabled=true, browserName=chrome, takesScreenshot=true, javascriptEnabled=true, cssSelectorsEnabled=true, unexpectedAlertBehaviour=}]
Session ID: 5da535d1cafcc038ec4db5368c4afc46
	at org.openqa.selenium.remote.ErrorHandler.createThrowable(ErrorHandler.java:215)
	at org.openqa.selenium.remote.ErrorHandler.throwIfResponseFailed(ErrorHandler.java:167)
	at org.openqa.selenium.remote.RemoteWebDriver.execute(RemoteWebDriver.java:671)
	at org.openqa.selenium.remote.RemoteWebElement.execute(RemoteWebElement.java:272)
	at org.openqa.selenium.remote.RemoteWebElement.click(RemoteWebElement.java:82)
	at org.openqa.selenium.support.pagefactory.internal.LocatingElementHandler.invoke(LocatingElementHandler.java:51)
	at com.sun.proxy.$Proxy8.click(Unknown Source)
	at com.Servcorp.uiActions.HomePage.click_search_button(HomePage.java:143)
	at com.Servcorp.SearchingInDirectory.TC008_VerifyingInfinityLoaderMessage.verify_infity_loader_message(TC008_VerifyingInfinityLoaderMessage.java:47)
... Removed 32 stack frames</pre></div><a href='#' onClick='toggleBox("stack-trace593768538", this, "Click to show all stack frames", "Click to hide stack frames")'>Click to show all stack frames</a>
<div class='stack-trace' id='stack-trace593768538'><pre>org.openqa.selenium.WebDriverException: unknown error: Element &lt;button ng-class=&quot;(IsAnyRunningRequestforPostMessage == true) ? &apos;filterDisable btn com_btn&apos;:&apos;btn com_btn&apos;&quot; type=&quot;submit&quot; class=&quot;ng-binding btn com_btn filterDisable&quot; style=&quot;&quot;&gt;...&lt;/button&gt; is not clickable at point (801, 333). Other element would receive the click: &lt;div class=&quot;col-lg-2 col-md-2 col-sm-2 col-xs-12&quot;&gt;...&lt;/div&gt;
  (Session info: chrome=60.0.3112.113)
  (Driver info: chromedriver=2.30.477700 (0057494ad8732195794a7b32078424f92a5fce41),platform=Windows NT 10.0.10240 x86_64) (WARNING: The server did not provide any stacktrace information)
Command duration or timeout: 88 milliseconds
Build info: version: &apos;3.4.0&apos;, revision: &apos;unknown&apos;, time: &apos;unknown&apos;
System info: host: &apos;DESKTOP-CVO2Q58&apos;, ip: &apos;172.10.95.119&apos;, os.name: &apos;Windows 10&apos;, os.arch: &apos;amd64&apos;, os.version: &apos;10.0&apos;, java.version: &apos;1.8.0_73&apos;
Driver info: org.openqa.selenium.chrome.ChromeDriver
Capabilities [{applicationCacheEnabled=false, rotatable=false, mobileEmulationEnabled=false, networkConnectionEnabled=false, chrome={chromedriverVersion=2.30.477700 (0057494ad8732195794a7b32078424f92a5fce41), userDataDir=C:\Users\ARAVIN~1\AppData\Local\Temp\scoped_dir4932_4568}, takesHeapSnapshot=true, pageLoadStrategy=normal, databaseEnabled=false, handlesAlerts=true, hasTouchScreen=false, version=60.0.3112.113, platform=XP, browserConnectionEnabled=false, nativeEvents=true, acceptSslCerts=true, locationContextEnabled=true, webStorageEnabled=true, browserName=chrome, takesScreenshot=true, javascriptEnabled=true, cssSelectorsEnabled=true, unexpectedAlertBehaviour=}]
Session ID: 5da535d1cafcc038ec4db5368c4afc46
	at sun.reflect.NativeConstructorAccessorImpl.newInstance0(Native Method)
	at sun.reflect.NativeConstructorAccessorImpl.newInstance(Unknown Source)
	at sun.reflect.DelegatingConstructorAccessorImpl.newInstance(Unknown Source)
	at java.lang.reflect.Constructor.newInstance(Unknown Source)
	at org.openqa.selenium.remote.ErrorHandler.createThrowable(ErrorHandler.java:215)
	at org.openqa.selenium.remote.ErrorHandler.throwIfResponseFailed(ErrorHandler.java:167)
	at org.openqa.selenium.remote.RemoteWebDriver.execute(RemoteWebDriver.java:671)
	at org.openqa.selenium.remote.RemoteWebElement.execute(RemoteWebElement.java:272)
	at org.openqa.selenium.remote.RemoteWebElement.click(RemoteWebElement.java:82)
	at sun.reflect.GeneratedMethodAccessor37.invoke(Unknown Source)
	at sun.reflect.DelegatingMethodAccessorImpl.invoke(Unknown Source)
	at java.lang.reflect.Method.invoke(Unknown Source)
	at org.openqa.selenium.support.pagefactory.internal.LocatingElementHandler.invoke(LocatingElementHandler.java:51)
	at com.sun.proxy.$Proxy8.click(Unknown Source)
	at com.Servcorp.uiActions.HomePage.click_search_button(HomePage.java:143)
	at com.Servcorp.SearchingInDirectory.TC008_VerifyingInfinityLoaderMessage.verify_infity_loader_message(TC008_VerifyingInfinityLoaderMessage.java:47)
	at sun.reflect.NativeMethodAccessorImpl.invoke0(Native Method)
	at sun.reflect.NativeMethodAccessorImpl.invoke(Unknown Source)
	at sun.reflect.DelegatingMethodAccessorImpl.invoke(Unknown Source)
	at java.lang.reflect.Method.invoke(Unknown Source)
	at org.testng.internal.MethodInvocationHelper.invokeMethod(MethodInvocationHelper.java:104)
	at org.testng.internal.Invoker.invokeMethod(Invoker.java:645)
	at org.testng.internal.Invoker.invokeTestMethod(Invoker.java:851)
	at org.testng.internal.Invoker.invokeTestMethods(Invoker.java:1177)
	at org.testng.internal.TestMethodWorker.invokeTestMethods(TestMethodWorker.java:129)
	at org.testng.internal.TestMethodWorker.run(TestMethodWorker.java:112)
	at org.testng.TestRunner.privateRun(TestRunner.java:756)
	at org.testng.TestRunner.run(TestRunner.java:610)
	at org.testng.SuiteRunner.runTest(SuiteRunner.java:387)
	at org.testng.SuiteRunner.runSequentially(SuiteRunner.java:382)
	at org.testng.SuiteRunner.privateRun(SuiteRunner.java:340)
	at org.testng.SuiteRunner.run(SuiteRunner.java:289)
	at org.testng.SuiteRunnerWorker.runSuite(SuiteRunnerWorker.java:52)
	at org.testng.SuiteRunnerWorker.run(SuiteRunnerWorker.java:86)
	at org.testng.TestNG.runSuitesSequentially(TestNG.java:1293)
	at org.testng.TestNG.runSuitesLocally(TestNG.java:1218)
	at org.testng.TestNG.runSuites(TestNG.java:1133)
	at org.testng.TestNG.run(TestNG.java:1104)
	at org.testng.remote.AbstractRemoteTestNG.run(AbstractRemoteTestNG.java:132)
	at org.testng.remote.RemoteTestNG.initAndRun(RemoteTestNG.java:230)
	at org.testng.remote.RemoteTestNG.main(RemoteTestNG.java:76)
</pre></div></td>
<td>19</td>
<td>com.Servcorp.SearchingInDirectory.TC008_VerifyingInfinityLoaderMessage@6279cee3</td></tr>
</table><p>
<table width='100%' border='1' class='invocation-passed'>
<tr><td colspan='4' align='center'><b>PASSED TESTS</b></td></tr>
<tr><td><b>Test method</b></td>
<td width="30%"><b>Exception</b></td>
<td width="10%"><b>Time (seconds)</b></td>
<td><b>Instance</b></td>
</tr>
<tr>
<td title='com.Servcorp.SearchingInDirectory.TC010_AdvancedSearchUsingLocation.advanced_searching_on_basis_of_location()'><b>advanced_searching_on_basis_of_location</b><br>Test class: com.Servcorp.SearchingInDirectory.TC010_AdvancedSearchUsingLocation<br/>
<a href="#Output-2123914473" onClick='toggleBox("Output-2123914473", this, "Show output", "Hide output");'>Show output</a>

<a href="#Output-2123914473" onClick="toggleAllBoxes();">Show all outputs</a>
<div class='log' id="Output-2123914473">
<a href='E:\DayUsers\Aravind\Work_Space\Servcorp\src\main\java\com\Servcorp\Success_Screenshots\advanced_searching_on_basis_of_location_18_09_2017_03_13_47.png'><img src='E:\DayUsers\Aravind\Work_Space\Servcorp\src\main\java\com\Servcorp\Success_Screenshots\advanced_searching_on_basis_of_location_18_09_2017_03_13_47.png'height='100'width='100'/></a><br/>
</div>
</td>
<td></td>
<td>63</td>
<td>com.Servcorp.SearchingInDirectory.TC010_AdvancedSearchUsingLocation@29ba4338</td></tr>
<tr>
<td title='com.Servcorp.SearchingInDirectory.TC011_CreateUserProfile.create_user_profile()'><b>create_user_profile</b><br>Test class: com.Servcorp.SearchingInDirectory.TC011_CreateUserProfile<br/>
<a href="#Output-2092885124" onClick='toggleBox("Output-2092885124", this, "Show output", "Hide output");'>Show output</a>

<a href="#Output-2092885124" onClick="toggleAllBoxes();">Show all outputs</a>
<div class='log' id="Output-2092885124">
<a href='E:\DayUsers\Aravind\Work_Space\Servcorp\src\main\java\com\Servcorp\Success_Screenshots\create_user_profile_18_09_2017_03_14_53.png'><img src='E:\DayUsers\Aravind\Work_Space\Servcorp\src\main\java\com\Servcorp\Success_Screenshots\create_user_profile_18_09_2017_03_14_53.png'height='100'width='100'/></a><br/>
</div>
</td>
<td></td>
<td>23</td>
<td>com.Servcorp.SearchingInDirectory.TC011_CreateUserProfile@57175e74</td></tr>
<tr>
<td title='com.Servcorp.SearchingInDirectory.TC007_LanguageDropdownSelection.language_dropdown_selection()'><b>language_dropdown_selection</b><br>Test class: com.Servcorp.SearchingInDirectory.TC007_LanguageDropdownSelection<br/>
<a href="#Output-798622145" onClick='toggleBox("Output-798622145", this, "Show output", "Hide output");'>Show output</a>

<a href="#Output-798622145" onClick="toggleAllBoxes();">Show all outputs</a>
<div class='log' id="Output-798622145">
<a href='E:\DayUsers\Aravind\Work_Space\Servcorp\src\main\java\com\Servcorp\Success_Screenshots\language_dropdown_selection_18_09_2017_03_10_52.png'><img src='E:\DayUsers\Aravind\Work_Space\Servcorp\src\main\java\com\Servcorp\Success_Screenshots\language_dropdown_selection_18_09_2017_03_10_52.png'height='100'width='100'/></a><br/>
</div>
</td>
<td></td>
<td>38</td>
<td>com.Servcorp.SearchingInDirectory.TC007_LanguageDropdownSelection@c8e4bb0</td></tr>
<tr>
<td title='com.Servcorp.SearchingInDirectory.TC006_DisplayProfileImages.members_not_in_connection()'><b>members_not_in_connection</b><br>Test class: com.Servcorp.SearchingInDirectory.TC006_DisplayProfileImages<br/>
<a href="#Output-910123336" onClick='toggleBox("Output-910123336", this, "Show output", "Hide output");'>Show output</a>

<a href="#Output-910123336" onClick="toggleAllBoxes();">Show all outputs</a>
<div class='log' id="Output-910123336">
<a href='E:\DayUsers\Aravind\Work_Space\Servcorp\src\main\java\com\Servcorp\Success_Screenshots\members_not_in_connection_18_09_2017_03_16_15.png'><img src='E:\DayUsers\Aravind\Work_Space\Servcorp\src\main\java\com\Servcorp\Success_Screenshots\members_not_in_connection_18_09_2017_03_16_15.png'height='100'width='100'/></a><br/>
</div>
</td>
<td></td>
<td>16</td>
<td>com.Servcorp.SearchingInDirectory.TC006_DisplayProfileImages@62e136d3</td></tr>
<tr>
<td title='com.Servcorp.SearchingInDirectory.TC006_DisplayProfileImages.search_profile_image()'><b>search_profile_image</b><br>Test class: com.Servcorp.SearchingInDirectory.TC006_DisplayProfileImages<br/>
<a href="#Output-1174881426" onClick='toggleBox("Output-1174881426", this, "Show output", "Hide output");'>Show output</a>

<a href="#Output-1174881426" onClick="toggleAllBoxes();">Show all outputs</a>
<div class='log' id="Output-1174881426">
<a href='E:\DayUsers\Aravind\Work_Space\Servcorp\src\main\java\com\Servcorp\Success_Screenshots\search_profile_image_18_09_2017_03_15_31.png'><img src='E:\DayUsers\Aravind\Work_Space\Servcorp\src\main\java\com\Servcorp\Success_Screenshots\search_profile_image_18_09_2017_03_15_31.png'height='100'width='100'/></a><br/>
</div>
</td>
<td></td>
<td>11</td>
<td>com.Servcorp.SearchingInDirectory.TC006_DisplayProfileImages@62e136d3</td></tr>
<tr>
<td title='com.Servcorp.SearchingInDirectory.TC005_SearchingOnBasisOfLocationName.searching_on_basis_of_location()'><b>searching_on_basis_of_location</b><br>Test class: com.Servcorp.SearchingInDirectory.TC005_SearchingOnBasisOfLocationName<br/>
<a href="#Output-1113895488" onClick='toggleBox("Output-1113895488", this, "Show output", "Hide output");'>Show output</a>

<a href="#Output-1113895488" onClick="toggleAllBoxes();">Show all outputs</a>
<div class='log' id="Output-1113895488">
<a href='E:\DayUsers\Aravind\Work_Space\Servcorp\src\main\java\com\Servcorp\Success_Screenshots\searching_on_basis_of_location_18_09_2017_03_09_56.png'><img src='E:\DayUsers\Aravind\Work_Space\Servcorp\src\main\java\com\Servcorp\Success_Screenshots\searching_on_basis_of_location_18_09_2017_03_09_56.png'height='100'width='100'/></a><br/>
</div>
</td>
<td></td>
<td>17</td>
<td>com.Servcorp.SearchingInDirectory.TC005_SearchingOnBasisOfLocationName@18a70f16</td></tr>
<tr>
<td title='com.Servcorp.SearchingInDirectory.TC004_SearchingOfUserOnBasisOfProfileFunctionality.searching_user_on_basis_of_profile()'><b>searching_user_on_basis_of_profile</b><br>Test class: com.Servcorp.SearchingInDirectory.TC004_SearchingOfUserOnBasisOfProfileFunctionality<br/>
<a href="#Output-1028145537" onClick='toggleBox("Output-1028145537", this, "Show output", "Hide output");'>Show output</a>

<a href="#Output-1028145537" onClick="toggleAllBoxes();">Show all outputs</a>
<div class='log' id="Output-1028145537">
<a href='E:\DayUsers\Aravind\Work_Space\Servcorp\src\main\java\com\Servcorp\Success_Screenshots\searching_user_on_basis_of_profile_18_09_2017_03_09_20.png'><img src='E:\DayUsers\Aravind\Work_Space\Servcorp\src\main\java\com\Servcorp\Success_Screenshots\searching_user_on_basis_of_profile_18_09_2017_03_09_20.png'height='100'width='100'/></a><br/>
</div>
</td>
<td></td>
<td>21</td>
<td>com.Servcorp.SearchingInDirectory.TC004_SearchingOfUserOnBasisOfProfileFunctionality@51b7e5df</td></tr>
<tr>
<td title='com.Servcorp.HomePage.TC003_AdminLoginFunctionality.verify_admin_login_with_valid_credentials()'><b>verify_admin_login_with_valid_credentials</b><br>Test class: com.Servcorp.HomePage.TC003_AdminLoginFunctionality<br/>
<a href="#Output-1265053098" onClick='toggleBox("Output-1265053098", this, "Show output", "Hide output");'>Show output</a>

<a href="#Output-1265053098" onClick="toggleAllBoxes();">Show all outputs</a>
<div class='log' id="Output-1265053098">
<a href='E:\DayUsers\Aravind\Work_Space\Servcorp\src\main\java\com\Servcorp\Success_Screenshots\verify_admin_login_with_valid_credentials_18_09_2017_03_08_43.png'><img src='E:\DayUsers\Aravind\Work_Space\Servcorp\src\main\java\com\Servcorp\Success_Screenshots\verify_admin_login_with_valid_credentials_18_09_2017_03_08_43.png'height='100'width='100'/></a><br/>
</div>
</td>
<td></td>
<td>2</td>
<td>com.Servcorp.HomePage.TC003_AdminLoginFunctionality@564718df</td></tr>
<tr>
<td title='com.Servcorp.HomePage.TC002_VerifyLoginWithInvalidCredentials.verify_login_with_invalid_credentials()'><b>verify_login_with_invalid_credentials</b><br>Test class: com.Servcorp.HomePage.TC002_VerifyLoginWithInvalidCredentials<br>Parameters: TestData123@gmail.com, 123456<br/>
<a href="#Output-1810518740" onClick='toggleBox("Output-1810518740", this, "Show output", "Hide output");'>Show output</a>

<a href="#Output-1810518740" onClick="toggleAllBoxes();">Show all outputs</a>
<div class='log' id="Output-1810518740">
<a href='E:\DayUsers\Aravind\Work_Space\Servcorp\src\main\java\com\Servcorp\Success_Screenshots\verify_login_with_invalid_credentials_18_09_2017_03_06_52.png'><img src='E:\DayUsers\Aravind\Work_Space\Servcorp\src\main\java\com\Servcorp\Success_Screenshots\verify_login_with_invalid_credentials_18_09_2017_03_06_52.png'height='100'width='100'/></a><br/>
</div>
</td>
<td></td>
<td>1</td>
<td>com.Servcorp.HomePage.TC002_VerifyLoginWithInvalidCredentials@2b4a2ec7</td></tr>
<tr>
<td title='com.Servcorp.HomePage.TC002_VerifyLoginWithInvalidCredentials.verify_login_with_invalid_credentials()'><b>verify_login_with_invalid_credentials</b><br>Test class: com.Servcorp.HomePage.TC002_VerifyLoginWithInvalidCredentials<br>Parameters: holly@yopmail.com, 123457<br/>
<a href="#Output-1262110193" onClick='toggleBox("Output-1262110193", this, "Show output", "Hide output");'>Show output</a>

<a href="#Output-1262110193" onClick="toggleAllBoxes();">Show all outputs</a>
<div class='log' id="Output-1262110193">
<a href='E:\DayUsers\Aravind\Work_Space\Servcorp\src\main\java\com\Servcorp\Success_Screenshots\verify_login_with_invalid_credentials_18_09_2017_03_07_08.png'><img src='E:\DayUsers\Aravind\Work_Space\Servcorp\src\main\java\com\Servcorp\Success_Screenshots\verify_login_with_invalid_credentials_18_09_2017_03_07_08.png'height='100'width='100'/></a><br/>
</div>
</td>
<td></td>
<td>1</td>
<td>com.Servcorp.HomePage.TC002_VerifyLoginWithInvalidCredentials@2b4a2ec7</td></tr>
<tr>
<td title='com.Servcorp.HomePage.TC002_VerifyLoginWithInvalidCredentials.verify_login_with_invalid_credentials()'><b>verify_login_with_invalid_credentials</b><br>Test class: com.Servcorp.HomePage.TC002_VerifyLoginWithInvalidCredentials<br>Parameters: , 123456<br/>
<a href="#Output-443713699" onClick='toggleBox("Output-443713699", this, "Show output", "Hide output");'>Show output</a>

<a href="#Output-443713699" onClick="toggleAllBoxes();">Show all outputs</a>
<div class='log' id="Output-443713699">
<a href='E:\DayUsers\Aravind\Work_Space\Servcorp\src\main\java\com\Servcorp\Success_Screenshots\verify_login_with_invalid_credentials_18_09_2017_03_07_25.png'><img src='E:\DayUsers\Aravind\Work_Space\Servcorp\src\main\java\com\Servcorp\Success_Screenshots\verify_login_with_invalid_credentials_18_09_2017_03_07_25.png'height='100'width='100'/></a><br/>
</div>
</td>
<td></td>
<td>0</td>
<td>com.Servcorp.HomePage.TC002_VerifyLoginWithInvalidCredentials@2b4a2ec7</td></tr>
<tr>
<td title='com.Servcorp.HomePage.TC002_VerifyLoginWithInvalidCredentials.verify_login_with_invalid_credentials()'><b>verify_login_with_invalid_credentials</b><br>Test class: com.Servcorp.HomePage.TC002_VerifyLoginWithInvalidCredentials<br>Parameters: holly@yopmail.com, <br/>
<a href="#Output-1087072654" onClick='toggleBox("Output-1087072654", this, "Show output", "Hide output");'>Show output</a>

<a href="#Output-1087072654" onClick="toggleAllBoxes();">Show all outputs</a>
<div class='log' id="Output-1087072654">
<a href='E:\DayUsers\Aravind\Work_Space\Servcorp\src\main\java\com\Servcorp\Success_Screenshots\verify_login_with_invalid_credentials_18_09_2017_03_07_45.png'><img src='E:\DayUsers\Aravind\Work_Space\Servcorp\src\main\java\com\Servcorp\Success_Screenshots\verify_login_with_invalid_credentials_18_09_2017_03_07_45.png'height='100'width='100'/></a><br/>
</div>
</td>
<td></td>
<td>0</td>
<td>com.Servcorp.HomePage.TC002_VerifyLoginWithInvalidCredentials@2b4a2ec7</td></tr>
<tr>
<td title='com.Servcorp.HomePage.TC002_VerifyLoginWithInvalidCredentials.verify_login_with_invalid_credentials()'><b>verify_login_with_invalid_credentials</b><br>Test class: com.Servcorp.HomePage.TC002_VerifyLoginWithInvalidCredentials<br>Parameters: , 123457<br/>
<a href="#Output-882471736" onClick='toggleBox("Output-882471736", this, "Show output", "Hide output");'>Show output</a>

<a href="#Output-882471736" onClick="toggleAllBoxes();">Show all outputs</a>
<div class='log' id="Output-882471736">
<a href='E:\DayUsers\Aravind\Work_Space\Servcorp\src\main\java\com\Servcorp\Success_Screenshots\verify_login_with_invalid_credentials_18_09_2017_03_08_02.png'><img src='E:\DayUsers\Aravind\Work_Space\Servcorp\src\main\java\com\Servcorp\Success_Screenshots\verify_login_with_invalid_credentials_18_09_2017_03_08_02.png'height='100'width='100'/></a><br/>
</div>
</td>
<td></td>
<td>0</td>
<td>com.Servcorp.HomePage.TC002_VerifyLoginWithInvalidCredentials@2b4a2ec7</td></tr>
<tr>
<td title='com.Servcorp.HomePage.TC002_VerifyLoginWithInvalidCredentials.verify_login_with_invalid_credentials()'><b>verify_login_with_invalid_credentials</b><br>Test class: com.Servcorp.HomePage.TC002_VerifyLoginWithInvalidCredentials<br>Parameters: holla@yopmail.com, <br/>
<a href="#Output-2031377754" onClick='toggleBox("Output-2031377754", this, "Show output", "Hide output");'>Show output</a>

<a href="#Output-2031377754" onClick="toggleAllBoxes();">Show all outputs</a>
<div class='log' id="Output-2031377754">
<a href='E:\DayUsers\Aravind\Work_Space\Servcorp\src\main\java\com\Servcorp\Success_Screenshots\verify_login_with_invalid_credentials_18_09_2017_03_08_20.png'><img src='E:\DayUsers\Aravind\Work_Space\Servcorp\src\main\java\com\Servcorp\Success_Screenshots\verify_login_with_invalid_credentials_18_09_2017_03_08_20.png'height='100'width='100'/></a><br/>
</div>
</td>
<td></td>
<td>1</td>
<td>com.Servcorp.HomePage.TC002_VerifyLoginWithInvalidCredentials@2b4a2ec7</td></tr>
<tr>
<td title='com.Servcorp.HomePage.TC001_LoginWithValidCredentials.verify_login_with_valid_credentials()'><b>verify_login_with_valid_credentials</b><br>Test class: com.Servcorp.HomePage.TC001_LoginWithValidCredentials<br/>
<a href="#Output-519979933" onClick='toggleBox("Output-519979933", this, "Show output", "Hide output");'>Show output</a>

<a href="#Output-519979933" onClick="toggleAllBoxes();">Show all outputs</a>
<div class='log' id="Output-519979933">
<a href='E:\DayUsers\Aravind\Work_Space\Servcorp\src\main\java\com\Servcorp\Success_Screenshots\verify_login_with_valid_credentials_18_09_2017_03_06_29.png'><img src='E:\DayUsers\Aravind\Work_Space\Servcorp\src\main\java\com\Servcorp\Success_Screenshots\verify_login_with_valid_credentials_18_09_2017_03_06_29.png'height='100'width='100'/></a><br/>
</div>
</td>
<td></td>
<td>2</td>
<td>com.Servcorp.HomePage.TC001_LoginWithValidCredentials@51931956</td></tr>
</table><p>
</body>
</html>