<?xml version="1.0" encoding="UTF-8"?>
<!-- Generated by org.testng.reporters.JUnitXMLReporter -->
<testsuite hostname="DESKTOP-CVO2Q58" ignored="0" name="LoginTest" tests="17" failures="2" timestamp="18 Sep 2017 09:46:16 GMT" time="600.971" errors="0">
  <testcase name="verify_login_with_valid_credentials" time="2.062" classname="com.Servcorp.HomePage.TC001_LoginWithValidCredentials"/>
  <testcase name="verify_login_with_invalid_credentials" time="1.261" classname="com.Servcorp.HomePage.TC002_VerifyLoginWithInvalidCredentials"/>
  <testcase name="verify_login_with_invalid_credentials" time="1.338" classname="com.Servcorp.HomePage.TC002_VerifyLoginWithInvalidCredentials"/>
  <testcase name="verify_login_with_invalid_credentials" time="0.795" classname="com.Servcorp.HomePage.TC002_VerifyLoginWithInvalidCredentials"/>
  <testcase name="verify_login_with_invalid_credentials" time="0.961" classname="com.Servcorp.HomePage.TC002_VerifyLoginWithInvalidCredentials"/>
  <testcase name="verify_login_with_invalid_credentials" time="0.649" classname="com.Servcorp.HomePage.TC002_VerifyLoginWithInvalidCredentials"/>
  <testcase name="verify_login_with_invalid_credentials" time="1.135" classname="com.Servcorp.HomePage.TC002_VerifyLoginWithInvalidCredentials"/>
  <testcase name="verify_admin_login_with_valid_credentials" time="2.62" classname="com.Servcorp.HomePage.TC003_AdminLoginFunctionality"/>
  <testcase name="searching_user_on_basis_of_profile" time="21.217" classname="com.Servcorp.SearchingInDirectory.TC004_SearchingOfUserOnBasisOfProfileFunctionality"/>
  <testcase name="searching_on_basis_of_location" time="17.957" classname="com.Servcorp.SearchingInDirectory.TC005_SearchingOnBasisOfLocationName"/>
  <testcase name="language_dropdown_selection" time="38.239" classname="com.Servcorp.SearchingInDirectory.TC007_LanguageDropdownSelection"/>
  <testcase name="verify_infity_loader_message" time="19.294" classname="com.Servcorp.SearchingInDirectory.TC008_VerifyingInfinityLoaderMessage">
    <failure type="org.openqa.selenium.WebDriverException" message="unknown error: Element &amp;lt;button ng-class=&amp;quot;(IsAnyRunningRequestforPostMessage == true) ? &amp;apos;filterDisable btn com_btn&amp;apos;:&amp;apos;btn com_btn&amp;apos;&amp;quot; type=&amp;quot;submit&amp;quot; class=&amp;quot;ng-binding btn com_btn filterDisable&amp;quot; style=&amp;quot;&amp;quot;&amp;gt;...&amp;lt;/button&amp;gt; is not clickable at point (801, 333). Other element would receive the click: &amp;lt;div class=&amp;quot;col-lg-2 col-md-2 col-sm-2 col-xs-12&amp;quot;&amp;gt;...&amp;lt;/div&amp;gt;
  (Session info: chrome=60.0.3112.113)
  (Driver info: chromedriver=2.30.477700 (0057494ad8732195794a7b32078424f92a5fce41),platform=Windows NT 10.0.10240 x86_64) (WARNING: The server did not provide any stacktrace information)
Command duration or timeout: 88 milliseconds
Build info: version: &amp;apos;3.4.0&amp;apos;, revision: &amp;apos;unknown&amp;apos;, time: &amp;apos;unknown&amp;apos;
System info: host: &amp;apos;DESKTOP-CVO2Q58&amp;apos;, ip: &amp;apos;172.10.95.119&amp;apos;, os.name: &amp;apos;Windows 10&amp;apos;, os.arch: &amp;apos;amd64&amp;apos;, os.version: &amp;apos;10.0&amp;apos;, java.version: &amp;apos;1.8.0_73&amp;apos;
Driver info: org.openqa.selenium.chrome.ChromeDriver
Capabilities [{applicationCacheEnabled=false, rotatable=false, mobileEmulationEnabled=false, networkConnectionEnabled=false, chrome={chromedriverVersion=2.30.477700 (0057494ad8732195794a7b32078424f92a5fce41), userDataDir=C:\Users\ARAVIN~1\AppData\Local\Temp\scoped_dir4932_4568}, takesHeapSnapshot=true, pageLoadStrategy=normal, databaseEnabled=false, handlesAlerts=true, hasTouchScreen=false, version=60.0.3112.113, platform=XP, browserConnectionEnabled=false, nativeEvents=true, acceptSslCerts=true, locationContextEnabled=true, webStorageEnabled=true, browserName=chrome, takesScreenshot=true, javascriptEnabled=true, cssSelectorsEnabled=true, unexpectedAlertBehaviour=}]
Session ID: 5da535d1cafcc038ec4db5368c4afc46">
      <![CDATA[org.openqa.selenium.WebDriverException: unknown error: Element <button ng-class="(IsAnyRunningRequestforPostMessage == true) ? 'filterDisable btn com_btn':'btn com_btn'" type="submit" class="ng-binding btn com_btn filterDisable" style="">...</button> is not clickable at point (801, 333). Other element would receive the click: <div class="col-lg-2 col-md-2 col-sm-2 col-xs-12">...</div>
  (Session info: chrome=60.0.3112.113)
  (Driver info: chromedriver=2.30.477700 (0057494ad8732195794a7b32078424f92a5fce41),platform=Windows NT 10.0.10240 x86_64) (WARNING: The server did not provide any stacktrace information)
Command duration or timeout: 88 milliseconds
Build info: version: '3.4.0', revision: 'unknown', time: 'unknown'
System info: host: 'DESKTOP-CVO2Q58', ip: '172.10.95.119', os.name: 'Windows 10', os.arch: 'amd64', os.version: '10.0', java.version: '1.8.0_73'
Driver info: org.openqa.selenium.chrome.ChromeDriver
Capabilities [{applicationCacheEnabled=false, rotatable=false, mobileEmulationEnabled=false, networkConnectionEnabled=false, chrome={chromedriverVersion=2.30.477700 (0057494ad8732195794a7b32078424f92a5fce41), userDataDir=C:\Users\ARAVIN~1\AppData\Local\Temp\scoped_dir4932_4568}, takesHeapSnapshot=true, pageLoadStrategy=normal, databaseEnabled=false, handlesAlerts=true, hasTouchScreen=false, version=60.0.3112.113, platform=XP, browserConnectionEnabled=false, nativeEvents=true, acceptSslCerts=true, locationContextEnabled=true, webStorageEnabled=true, browserName=chrome, takesScreenshot=true, javascriptEnabled=true, cssSelectorsEnabled=true, unexpectedAlertBehaviour=}]
Session ID: 5da535d1cafcc038ec4db5368c4afc46
	at org.openqa.selenium.remote.ErrorHandler.createThrowable(ErrorHandler.java:215)
	at org.openqa.selenium.remote.ErrorHandler.throwIfResponseFailed(ErrorHandler.java:167)
	at org.openqa.selenium.remote.RemoteWebDriver.execute(RemoteWebDriver.java:671)
	at org.openqa.selenium.remote.RemoteWebElement.execute(RemoteWebElement.java:272)
	at org.openqa.selenium.remote.RemoteWebElement.click(RemoteWebElement.java:82)
	at org.openqa.selenium.support.pagefactory.internal.LocatingElementHandler.invoke(LocatingElementHandler.java:51)
	at com.sun.proxy.$Proxy8.click(Unknown Source)
	at com.Servcorp.uiActions.HomePage.click_search_button(HomePage.java:143)
	at com.Servcorp.SearchingInDirectory.TC008_VerifyingInfinityLoaderMessage.verify_infity_loader_message(TC008_VerifyingInfinityLoaderMessage.java:47)
... Removed 32 stack frames]]>
    </failure>
  </testcase> <!-- verify_infity_loader_message -->
  <testcase name="advancd_searching_user_on_basis_of_profile" time="30.661" classname="com.Servcorp.SearchingInDirectory.TC009_AdvancedSearchOnBasisOfProfile">
    <failure type="org.openqa.selenium.WebDriverException" message="unknown error: Element &amp;lt;button ng-class=&amp;quot;(IsAnyRunningRequestforPostMessage == true) ? &amp;apos;filterDisable btn com_btn&amp;apos;:&amp;apos;btn com_btn&amp;apos;&amp;quot; type=&amp;quot;submit&amp;quot; class=&amp;quot;ng-binding btn com_btn filterDisable&amp;quot; style=&amp;quot;&amp;quot;&amp;gt;...&amp;lt;/button&amp;gt; is not clickable at point (801, 333). Other element would receive the click: &amp;lt;div class=&amp;quot;col-lg-2 col-md-2 col-sm-2 col-xs-12&amp;quot;&amp;gt;...&amp;lt;/div&amp;gt;
  (Session info: chrome=60.0.3112.113)
  (Driver info: chromedriver=2.30.477700 (0057494ad8732195794a7b32078424f92a5fce41),platform=Windows NT 10.0.10240 x86_64) (WARNING: The server did not provide any stacktrace information)
Command duration or timeout: 108 milliseconds
Build info: version: &amp;apos;3.4.0&amp;apos;, revision: &amp;apos;unknown&amp;apos;, time: &amp;apos;unknown&amp;apos;
System info: host: &amp;apos;DESKTOP-CVO2Q58&amp;apos;, ip: &amp;apos;172.10.95.119&amp;apos;, os.name: &amp;apos;Windows 10&amp;apos;, os.arch: &amp;apos;amd64&amp;apos;, os.version: &amp;apos;10.0&amp;apos;, java.version: &amp;apos;1.8.0_73&amp;apos;
Driver info: org.openqa.selenium.chrome.ChromeDriver
Capabilities [{applicationCacheEnabled=false, rotatable=false, mobileEmulationEnabled=false, networkConnectionEnabled=false, chrome={chromedriverVersion=2.30.477700 (0057494ad8732195794a7b32078424f92a5fce41), userDataDir=C:\Users\ARAVIN~1\AppData\Local\Temp\scoped_dir6808_27866}, takesHeapSnapshot=true, pageLoadStrategy=normal, databaseEnabled=false, handlesAlerts=true, hasTouchScreen=false, version=60.0.3112.113, platform=XP, browserConnectionEnabled=false, nativeEvents=true, acceptSslCerts=true, locationContextEnabled=true, webStorageEnabled=true, browserName=chrome, takesScreenshot=true, javascriptEnabled=true, cssSelectorsEnabled=true, unexpectedAlertBehaviour=}]
Session ID: 82a090270507bf3dbc0f28b5713c6118">
      <![CDATA[org.openqa.selenium.WebDriverException: unknown error: Element <button ng-class="(IsAnyRunningRequestforPostMessage == true) ? 'filterDisable btn com_btn':'btn com_btn'" type="submit" class="ng-binding btn com_btn filterDisable" style="">...</button> is not clickable at point (801, 333). Other element would receive the click: <div class="col-lg-2 col-md-2 col-sm-2 col-xs-12">...</div>
  (Session info: chrome=60.0.3112.113)
  (Driver info: chromedriver=2.30.477700 (0057494ad8732195794a7b32078424f92a5fce41),platform=Windows NT 10.0.10240 x86_64) (WARNING: The server did not provide any stacktrace information)
Command duration or timeout: 108 milliseconds
Build info: version: '3.4.0', revision: 'unknown', time: 'unknown'
System info: host: 'DESKTOP-CVO2Q58', ip: '172.10.95.119', os.name: 'Windows 10', os.arch: 'amd64', os.version: '10.0', java.version: '1.8.0_73'
Driver info: org.openqa.selenium.chrome.ChromeDriver
Capabilities [{applicationCacheEnabled=false, rotatable=false, mobileEmulationEnabled=false, networkConnectionEnabled=false, chrome={chromedriverVersion=2.30.477700 (0057494ad8732195794a7b32078424f92a5fce41), userDataDir=C:\Users\ARAVIN~1\AppData\Local\Temp\scoped_dir6808_27866}, takesHeapSnapshot=true, pageLoadStrategy=normal, databaseEnabled=false, handlesAlerts=true, hasTouchScreen=false, version=60.0.3112.113, platform=XP, browserConnectionEnabled=false, nativeEvents=true, acceptSslCerts=true, locationContextEnabled=true, webStorageEnabled=true, browserName=chrome, takesScreenshot=true, javascriptEnabled=true, cssSelectorsEnabled=true, unexpectedAlertBehaviour=}]
Session ID: 82a090270507bf3dbc0f28b5713c6118
	at org.openqa.selenium.remote.ErrorHandler.createThrowable(ErrorHandler.java:215)
	at org.openqa.selenium.remote.ErrorHandler.throwIfResponseFailed(ErrorHandler.java:167)
	at org.openqa.selenium.remote.RemoteWebDriver.execute(RemoteWebDriver.java:671)
	at org.openqa.selenium.remote.RemoteWebElement.execute(RemoteWebElement.java:272)
	at org.openqa.selenium.remote.RemoteWebElement.click(RemoteWebElement.java:82)
	at org.openqa.selenium.support.pagefactory.internal.LocatingElementHandler.invoke(LocatingElementHandler.java:51)
	at com.sun.proxy.$Proxy8.click(Unknown Source)
	at com.Servcorp.uiActions.HomePage.click_search_button(HomePage.java:143)
	at com.Servcorp.SearchingInDirectory.TC009_AdvancedSearchOnBasisOfProfile.advancd_searching_user_on_basis_of_profile(TC009_AdvancedSearchOnBasisOfProfile.java:45)
... Removed 32 stack frames]]>
    </failure>
  </testcase> <!-- advancd_searching_user_on_basis_of_profile -->
  <testcase name="advanced_searching_on_basis_of_location" time="63.126" classname="com.Servcorp.SearchingInDirectory.TC010_AdvancedSearchUsingLocation"/>
  <testcase name="create_user_profile" time="23.219" classname="com.Servcorp.SearchingInDirectory.TC011_CreateUserProfile"/>
  <testcase name="search_profile_image" time="11.875" classname="com.Servcorp.SearchingInDirectory.TC006_DisplayProfileImages"/>
  <testcase name="members_not_in_connection" time="16.03" classname="com.Servcorp.SearchingInDirectory.TC006_DisplayProfileImages"/>
</testsuite> <!-- LoginTest -->
