<!DOCTYPE html>

<html>
  <head>
  <meta charset='utf-8'>
  <title>TestNG reports</title>

    <link type="text/css" href="testng-reports.css" rel="stylesheet" />  
    <script type="text/javascript" src="jquery-1.7.1.min.js"></script>
    <script type="text/javascript" src="testng-reports.js"></script>
    <script type="text/javascript" src="https://www.google.com/jsapi"></script>
    <script type='text/javascript'>
      google.load('visualization', '1', {packages:['table']});
      google.setOnLoadCallback(drawTable);
      var suiteTableInitFunctions = new Array();
      var suiteTableData = new Array();
    </script>
    <!--
      <script type="text/javascript" src="jquery-ui/js/jquery-ui-1.8.16.custom.min.js"></script>
     -->
  </head>

  <body>
    <div class="top-banner-root">
      <span class="top-banner-title-font">Test results</span>
      <br/>
      <span class="top-banner-font-1">1 suite, 7 failed tests</span>
    </div> <!-- top-banner-root -->
    <div class="navigator-root">
      <div class="navigator-suite-header">
        <span>All suites</span>
        <a href="#" class="collapse-all-link" title="Collapse/expand all the suites">
          <img class="collapse-all-icon" src="collapseall.gif">
          </img> <!-- collapse-all-icon -->
        </a> <!-- collapse-all-link -->
      </div> <!-- navigator-suite-header -->
      <div class="suite">
        <div class="rounded-window">
          <div class="suite-header light-rounded-window-top">
            <a href="#" class="navigator-link" panel-name="suite-Failed_suite_[Default_suite]">
              <span class="suite-name border-failed">Failed suite [Default suite]</span>
            </a> <!-- navigator-link -->
          </div> <!-- suite-header light-rounded-window-top -->
          <div class="navigator-suite-content">
            <div class="suite-section-title">
              <span>Info</span>
            </div> <!-- suite-section-title -->
            <div class="suite-section-content">
              <ul>
                <li>
                  <a href="#" class="navigator-link " panel-name="test-xml-Failed_suite_[Default_suite]">
                    <span>C:\Users\V!ka&H Gupta\git\APA\test-output\testng-failed.xml</span>
                  </a> <!-- navigator-link  -->
                </li>
                <li>
                  <a href="#" class="navigator-link " panel-name="testlist-Failed_suite_[Default_suite]">
                    <span class="test-stats">1 test</span>
                  </a> <!-- navigator-link  -->
                </li>
                <li>
                  <a href="#" class="navigator-link " panel-name="group-Failed_suite_[Default_suite]">
                    <span>0 groups</span>
                  </a> <!-- navigator-link  -->
                </li>
                <li>
                  <a href="#" class="navigator-link " panel-name="times-Failed_suite_[Default_suite]">
                    <span>Times</span>
                  </a> <!-- navigator-link  -->
                </li>
                <li>
                  <a href="#" class="navigator-link " panel-name="reporter-Failed_suite_[Default_suite]">
                    <span>Reporter output</span>
                  </a> <!-- navigator-link  -->
                </li>
                <li>
                  <a href="#" class="navigator-link " panel-name="ignored-methods-Failed_suite_[Default_suite]">
                    <span>Ignored methods</span>
                  </a> <!-- navigator-link  -->
                </li>
                <li>
                  <a href="#" class="navigator-link " panel-name="chronological-Failed_suite_[Default_suite]">
                    <span>Chronological view</span>
                  </a> <!-- navigator-link  -->
                </li>
              </ul>
            </div> <!-- suite-section-content -->
            <div class="result-section">
              <div class="suite-section-title">
                <span>Results</span>
              </div> <!-- suite-section-title -->
              <div class="suite-section-content">
                <ul>
                  <li>
                    <span class="method-stats">7 methods, 7 failed,   </span>
                  </li>
                  <li>
                    <span class="method-list-title failed">Failed methods</span>
                    <span class="show-or-hide-methods failed">
                      <a href="#" panel-name="suite-Failed_suite_[Default_suite]" class="hide-methods failed suite-Failed_suite_[Default_suite]"> (hide)</a> <!-- hide-methods failed suite-Failed_suite_[Default_suite] -->
                      <a href="#" panel-name="suite-Failed_suite_[Default_suite]" class="show-methods failed suite-Failed_suite_[Default_suite]"> (show)</a> <!-- show-methods failed suite-Failed_suite_[Default_suite] -->
                    </span>
                    <div class="method-list-content failed suite-Failed_suite_[Default_suite]">
                      <span>
                        <img width="3%" src="failed.png"/>
                        <a href="#" class="method navigator-link" panel-name="suite-Failed_suite_[Default_suite]" title="com.APA.HomePage.TC002_VerifyLoginWithInvalidCredentials" hash-for-method="verify_login_with_invalid_credentials(, 123456)">verify_login_with_invalid_credentials(, 123456)</a> <!-- method navigator-link -->
                      </span>
                      <br/>
                      <span>
                        <img width="3%" src="failed.png"/>
                        <a href="#" class="method navigator-link" panel-name="suite-Failed_suite_[Default_suite]" title="com.APA.HomePage.TC002_VerifyLoginWithInvalidCredentials" hash-for-method="verify_login_with_invalid_credentials(holla@yopmail.com, )">verify_login_with_invalid_credentials(holla@yopmail.com, )</a> <!-- method navigator-link -->
                      </span>
                      <br/>
                      <span>
                        <img width="3%" src="failed.png"/>
                        <a href="#" class="method navigator-link" panel-name="suite-Failed_suite_[Default_suite]" title="com.APA.HomePage.TC002_VerifyLoginWithInvalidCredentials" hash-for-method="verify_login_with_invalid_credentials(holly@yopmail.com, )">verify_login_with_invalid_credentials(holly@yopmail.com, )</a> <!-- method navigator-link -->
                      </span>
                      <br/>
                      <span>
                        <img width="3%" src="failed.png"/>
                        <a href="#" class="method navigator-link" panel-name="suite-Failed_suite_[Default_suite]" title="com.APA.HomePage.TC002_VerifyLoginWithInvalidCredentials" hash-for-method="verify_login_with_invalid_credentials(vikashgupta1, T3st@123)">verify_login_with_invalid_credentials(vikashgupta1, T3st@123)</a> <!-- method navigator-link -->
                      </span>
                      <br/>
                      <span>
                        <img width="3%" src="failed.png"/>
                        <a href="#" class="method navigator-link" panel-name="suite-Failed_suite_[Default_suite]" title="com.APA.HomePage.TC002_VerifyLoginWithInvalidCredentials" hash-for-method="verify_login_with_invalid_credentials(testqa1@yopmail.com, Password@123)">verify_login_with_invalid_credentials(testqa1@yopmail.com, Password@123)</a> <!-- method navigator-link -->
                      </span>
                      <br/>
                      <span>
                        <img width="3%" src="failed.png"/>
                        <a href="#" class="method navigator-link" panel-name="suite-Failed_suite_[Default_suite]" title="com.APA.HomePage.TC002_VerifyLoginWithInvalidCredentials" hash-for-method="verify_login_with_invalid_credentials(, 123457)">verify_login_with_invalid_credentials(, 123457)</a> <!-- method navigator-link -->
                      </span>
                      <br/>
                      <span>
                        <img width="3%" src="failed.png"/>
                        <a href="#" class="method navigator-link" panel-name="suite-Failed_suite_[Default_suite]" title="com.APA.HomePage.TC002_VerifyLoginWithInvalidCredentials" hash-for-method="verify_login_with_invalid_credentials(TestData123@gmail.com, 123456)">verify_login_with_invalid_credentials(TestData123@gmail.com, 123456)</a> <!-- method navigator-link -->
                      </span>
                      <br/>
                    </div> <!-- method-list-content failed suite-Failed_suite_[Default_suite] -->
                  </li>
                </ul>
              </div> <!-- suite-section-content -->
            </div> <!-- result-section -->
          </div> <!-- navigator-suite-content -->
        </div> <!-- rounded-window -->
      </div> <!-- suite -->
    </div> <!-- navigator-root -->
    <div class="wrapper">
      <div class="main-panel-root">
        <div panel-name="suite-Failed_suite_[Default_suite]" class="panel Failed_suite_[Default_suite]">
          <div class="suite-Failed_suite_[Default_suite]-class-failed">
            <div class="main-panel-header rounded-window-top">
              <img src="failed.png"/>
              <span class="class-name">com.APA.HomePage.TC002_VerifyLoginWithInvalidCredentials</span>
            </div> <!-- main-panel-header rounded-window-top -->
            <div class="main-panel-content rounded-window-bottom">
              <div class="method">
                <div class="method-content">
                  <a name="verify_login_with_invalid_credentials(, 123456)">
                  </a> <!-- verify_login_with_invalid_credentials(, 123456) -->
                  <span class="method-name">verify_login_with_invalid_credentials</span>
                  <span class="parameters">(, 123456)</span>
                  <div class="stack-trace">org.openqa.selenium.WebDriverException: unknown error: call function result missing &apos;value&apos;
  (Session info: chrome=69.0.3497.100)
  (Driver info: chromedriver=2.34.522940 (1a76f96f66e3ca7b8e57d503b4dd3bccfba87af1),platform=Windows NT 10.0.17134 x86_64) (WARNING: The server did not provide any stacktrace information)
Command duration or timeout: 100 milliseconds
Build info: version: &apos;3.4.0&apos;, revision: &apos;unknown&apos;, time: &apos;unknown&apos;
System info: host: &apos;DESKTOP-6UGS3T5&apos;, ip: &apos;192.168.0.106&apos;, os.name: &apos;Windows 10&apos;, os.arch: &apos;amd64&apos;, os.version: &apos;10.0&apos;, java.version: &apos;1.8.0_181&apos;
Driver info: org.openqa.selenium.chrome.ChromeDriver
Capabilities [{applicationCacheEnabled=false, rotatable=false, mobileEmulationEnabled=false, networkConnectionEnabled=false, chrome={chromedriverVersion=2.34.522940 (1a76f96f66e3ca7b8e57d503b4dd3bccfba87af1), userDataDir=C:\Users\V!KA&amp;H~1\AppData\Local\Temp\scoped_dir2540_27929}, takesHeapSnapshot=true, pageLoadStrategy=normal, databaseEnabled=false, handlesAlerts=true, hasTouchScreen=false, version=69.0.3497.100, platform=XP, browserConnectionEnabled=false, nativeEvents=true, acceptSslCerts=true, locationContextEnabled=true, webStorageEnabled=true, browserName=chrome, takesScreenshot=true, javascriptEnabled=true, cssSelectorsEnabled=true, setWindowRect=true, unexpectedAlertBehaviour=}]
Session ID: 8b34a7eba5c82c2bf032e945c04ea8f4
	at org.openqa.selenium.remote.ErrorHandler.createThrowable(ErrorHandler.java:215)
	at org.openqa.selenium.remote.ErrorHandler.throwIfResponseFailed(ErrorHandler.java:167)
	at org.openqa.selenium.remote.RemoteWebDriver.execute(RemoteWebDriver.java:671)
	at org.openqa.selenium.remote.RemoteWebElement.execute(RemoteWebElement.java:272)
	at org.openqa.selenium.remote.RemoteWebElement.sendKeys(RemoteWebElement.java:96)
	at org.openqa.selenium.support.pagefactory.internal.LocatingElementHandler.invoke(LocatingElementHandler.java:51)
	at com.sun.proxy.$Proxy8.sendKeys(Unknown Source)
	at com.APA.uiActions.LoginPage.login_to_application(LoginPage.java:38)
	at com.APA.HomePage.TC002_VerifyLoginWithInvalidCredentials.verify_login_with_invalid_credentials(TC002_VerifyLoginWithInvalidCredentials.java:47)
... Removed 33 stack frames
</div> <!-- stack-trace -->
                </div> <!-- method-content -->
              </div> <!-- method -->
              <div class="method">
                <div class="method-content">
                  <a name="verify_login_with_invalid_credentials(holla@yopmail.com, )">
                  </a> <!-- verify_login_with_invalid_credentials(holla@yopmail.com, ) -->
                  <span class="method-name">verify_login_with_invalid_credentials</span>
                  <span class="parameters">(holla@yopmail.com, )</span>
                  <div class="stack-trace">org.openqa.selenium.WebDriverException: unknown error: call function result missing &apos;value&apos;
  (Session info: chrome=69.0.3497.100)
  (Driver info: chromedriver=2.34.522940 (1a76f96f66e3ca7b8e57d503b4dd3bccfba87af1),platform=Windows NT 10.0.17134 x86_64) (WARNING: The server did not provide any stacktrace information)
Command duration or timeout: 114 milliseconds
Build info: version: &apos;3.4.0&apos;, revision: &apos;unknown&apos;, time: &apos;unknown&apos;
System info: host: &apos;DESKTOP-6UGS3T5&apos;, ip: &apos;192.168.0.106&apos;, os.name: &apos;Windows 10&apos;, os.arch: &apos;amd64&apos;, os.version: &apos;10.0&apos;, java.version: &apos;1.8.0_181&apos;
Driver info: org.openqa.selenium.chrome.ChromeDriver
Capabilities [{applicationCacheEnabled=false, rotatable=false, mobileEmulationEnabled=false, networkConnectionEnabled=false, chrome={chromedriverVersion=2.34.522940 (1a76f96f66e3ca7b8e57d503b4dd3bccfba87af1), userDataDir=C:\Users\V!KA&amp;H~1\AppData\Local\Temp\scoped_dir11704_5190}, takesHeapSnapshot=true, pageLoadStrategy=normal, databaseEnabled=false, handlesAlerts=true, hasTouchScreen=false, version=69.0.3497.100, platform=XP, browserConnectionEnabled=false, nativeEvents=true, acceptSslCerts=true, locationContextEnabled=true, webStorageEnabled=true, browserName=chrome, takesScreenshot=true, javascriptEnabled=true, cssSelectorsEnabled=true, setWindowRect=true, unexpectedAlertBehaviour=}]
Session ID: 19ee4f2f5dd8363fab3cb14b6625828a
	at org.openqa.selenium.remote.ErrorHandler.createThrowable(ErrorHandler.java:215)
	at org.openqa.selenium.remote.ErrorHandler.throwIfResponseFailed(ErrorHandler.java:167)
	at org.openqa.selenium.remote.RemoteWebDriver.execute(RemoteWebDriver.java:671)
	at org.openqa.selenium.remote.RemoteWebElement.execute(RemoteWebElement.java:272)
	at org.openqa.selenium.remote.RemoteWebElement.sendKeys(RemoteWebElement.java:96)
	at org.openqa.selenium.support.pagefactory.internal.LocatingElementHandler.invoke(LocatingElementHandler.java:51)
	at com.sun.proxy.$Proxy8.sendKeys(Unknown Source)
	at com.APA.uiActions.LoginPage.login_to_application(LoginPage.java:38)
	at com.APA.HomePage.TC002_VerifyLoginWithInvalidCredentials.verify_login_with_invalid_credentials(TC002_VerifyLoginWithInvalidCredentials.java:47)
... Removed 33 stack frames
</div> <!-- stack-trace -->
                </div> <!-- method-content -->
              </div> <!-- method -->
              <div class="method">
                <div class="method-content">
                  <a name="verify_login_with_invalid_credentials(holly@yopmail.com, )">
                  </a> <!-- verify_login_with_invalid_credentials(holly@yopmail.com, ) -->
                  <span class="method-name">verify_login_with_invalid_credentials</span>
                  <span class="parameters">(holly@yopmail.com, )</span>
                  <div class="stack-trace">org.openqa.selenium.WebDriverException: unknown error: call function result missing &apos;value&apos;
  (Session info: chrome=69.0.3497.100)
  (Driver info: chromedriver=2.34.522940 (1a76f96f66e3ca7b8e57d503b4dd3bccfba87af1),platform=Windows NT 10.0.17134 x86_64) (WARNING: The server did not provide any stacktrace information)
Command duration or timeout: 99 milliseconds
Build info: version: &apos;3.4.0&apos;, revision: &apos;unknown&apos;, time: &apos;unknown&apos;
System info: host: &apos;DESKTOP-6UGS3T5&apos;, ip: &apos;192.168.0.106&apos;, os.name: &apos;Windows 10&apos;, os.arch: &apos;amd64&apos;, os.version: &apos;10.0&apos;, java.version: &apos;1.8.0_181&apos;
Driver info: org.openqa.selenium.chrome.ChromeDriver
Capabilities [{applicationCacheEnabled=false, rotatable=false, mobileEmulationEnabled=false, networkConnectionEnabled=false, chrome={chromedriverVersion=2.34.522940 (1a76f96f66e3ca7b8e57d503b4dd3bccfba87af1), userDataDir=C:\Users\V!KA&amp;H~1\AppData\Local\Temp\scoped_dir8692_16454}, takesHeapSnapshot=true, pageLoadStrategy=normal, databaseEnabled=false, handlesAlerts=true, hasTouchScreen=false, version=69.0.3497.100, platform=XP, browserConnectionEnabled=false, nativeEvents=true, acceptSslCerts=true, locationContextEnabled=true, webStorageEnabled=true, browserName=chrome, takesScreenshot=true, javascriptEnabled=true, cssSelectorsEnabled=true, setWindowRect=true, unexpectedAlertBehaviour=}]
Session ID: e6fe15dfa9197765c0641a2d6a9d4949
	at org.openqa.selenium.remote.ErrorHandler.createThrowable(ErrorHandler.java:215)
	at org.openqa.selenium.remote.ErrorHandler.throwIfResponseFailed(ErrorHandler.java:167)
	at org.openqa.selenium.remote.RemoteWebDriver.execute(RemoteWebDriver.java:671)
	at org.openqa.selenium.remote.RemoteWebElement.execute(RemoteWebElement.java:272)
	at org.openqa.selenium.remote.RemoteWebElement.sendKeys(RemoteWebElement.java:96)
	at org.openqa.selenium.support.pagefactory.internal.LocatingElementHandler.invoke(LocatingElementHandler.java:51)
	at com.sun.proxy.$Proxy8.sendKeys(Unknown Source)
	at com.APA.uiActions.LoginPage.login_to_application(LoginPage.java:38)
	at com.APA.HomePage.TC002_VerifyLoginWithInvalidCredentials.verify_login_with_invalid_credentials(TC002_VerifyLoginWithInvalidCredentials.java:47)
... Removed 33 stack frames
</div> <!-- stack-trace -->
                </div> <!-- method-content -->
              </div> <!-- method -->
              <div class="method">
                <div class="method-content">
                  <a name="verify_login_with_invalid_credentials(vikashgupta1, T3st@123)">
                  </a> <!-- verify_login_with_invalid_credentials(vikashgupta1, T3st@123) -->
                  <span class="method-name">verify_login_with_invalid_credentials</span>
                  <span class="parameters">(vikashgupta1, T3st@123)</span>
                  <div class="stack-trace">org.openqa.selenium.WebDriverException: unknown error: call function result missing &apos;value&apos;
  (Session info: chrome=69.0.3497.100)
  (Driver info: chromedriver=2.34.522940 (1a76f96f66e3ca7b8e57d503b4dd3bccfba87af1),platform=Windows NT 10.0.17134 x86_64) (WARNING: The server did not provide any stacktrace information)
Command duration or timeout: 107 milliseconds
Build info: version: &apos;3.4.0&apos;, revision: &apos;unknown&apos;, time: &apos;unknown&apos;
System info: host: &apos;DESKTOP-6UGS3T5&apos;, ip: &apos;192.168.0.106&apos;, os.name: &apos;Windows 10&apos;, os.arch: &apos;amd64&apos;, os.version: &apos;10.0&apos;, java.version: &apos;1.8.0_181&apos;
Driver info: org.openqa.selenium.chrome.ChromeDriver
Capabilities [{applicationCacheEnabled=false, rotatable=false, mobileEmulationEnabled=false, networkConnectionEnabled=false, chrome={chromedriverVersion=2.34.522940 (1a76f96f66e3ca7b8e57d503b4dd3bccfba87af1), userDataDir=C:\Users\V!KA&amp;H~1\AppData\Local\Temp\scoped_dir7288_9470}, takesHeapSnapshot=true, pageLoadStrategy=normal, databaseEnabled=false, handlesAlerts=true, hasTouchScreen=false, version=69.0.3497.100, platform=XP, browserConnectionEnabled=false, nativeEvents=true, acceptSslCerts=true, locationContextEnabled=true, webStorageEnabled=true, browserName=chrome, takesScreenshot=true, javascriptEnabled=true, cssSelectorsEnabled=true, setWindowRect=true, unexpectedAlertBehaviour=}]
Session ID: 5cff0a93da5a80f2134a53bf83ebec82
	at org.openqa.selenium.remote.ErrorHandler.createThrowable(ErrorHandler.java:215)
	at org.openqa.selenium.remote.ErrorHandler.throwIfResponseFailed(ErrorHandler.java:167)
	at org.openqa.selenium.remote.RemoteWebDriver.execute(RemoteWebDriver.java:671)
	at org.openqa.selenium.remote.RemoteWebElement.execute(RemoteWebElement.java:272)
	at org.openqa.selenium.remote.RemoteWebElement.sendKeys(RemoteWebElement.java:96)
	at org.openqa.selenium.support.pagefactory.internal.LocatingElementHandler.invoke(LocatingElementHandler.java:51)
	at com.sun.proxy.$Proxy8.sendKeys(Unknown Source)
	at com.APA.uiActions.LoginPage.login_to_application(LoginPage.java:38)
	at com.APA.HomePage.TC002_VerifyLoginWithInvalidCredentials.verify_login_with_invalid_credentials(TC002_VerifyLoginWithInvalidCredentials.java:47)
... Removed 33 stack frames
</div> <!-- stack-trace -->
                </div> <!-- method-content -->
              </div> <!-- method -->
              <div class="method">
                <div class="method-content">
                  <a name="verify_login_with_invalid_credentials(testqa1@yopmail.com, Password@123)">
                  </a> <!-- verify_login_with_invalid_credentials(testqa1@yopmail.com, Password@123) -->
                  <span class="method-name">verify_login_with_invalid_credentials</span>
                  <span class="parameters">(testqa1@yopmail.com, Password@123)</span>
                  <div class="stack-trace">org.openqa.selenium.WebDriverException: unknown error: call function result missing &apos;value&apos;
  (Session info: chrome=69.0.3497.100)
  (Driver info: chromedriver=2.34.522940 (1a76f96f66e3ca7b8e57d503b4dd3bccfba87af1),platform=Windows NT 10.0.17134 x86_64) (WARNING: The server did not provide any stacktrace information)
Command duration or timeout: 141 milliseconds
Build info: version: &apos;3.4.0&apos;, revision: &apos;unknown&apos;, time: &apos;unknown&apos;
System info: host: &apos;DESKTOP-6UGS3T5&apos;, ip: &apos;192.168.0.106&apos;, os.name: &apos;Windows 10&apos;, os.arch: &apos;amd64&apos;, os.version: &apos;10.0&apos;, java.version: &apos;1.8.0_181&apos;
Driver info: org.openqa.selenium.chrome.ChromeDriver
Capabilities [{applicationCacheEnabled=false, rotatable=false, mobileEmulationEnabled=false, networkConnectionEnabled=false, chrome={chromedriverVersion=2.34.522940 (1a76f96f66e3ca7b8e57d503b4dd3bccfba87af1), userDataDir=C:\Users\V!KA&amp;H~1\AppData\Local\Temp\scoped_dir11624_4315}, takesHeapSnapshot=true, pageLoadStrategy=normal, databaseEnabled=false, handlesAlerts=true, hasTouchScreen=false, version=69.0.3497.100, platform=XP, browserConnectionEnabled=false, nativeEvents=true, acceptSslCerts=true, locationContextEnabled=true, webStorageEnabled=true, browserName=chrome, takesScreenshot=true, javascriptEnabled=true, cssSelectorsEnabled=true, setWindowRect=true, unexpectedAlertBehaviour=}]
Session ID: 0cecc1f0301cdce3c31bda689438d1d0
	at org.openqa.selenium.remote.ErrorHandler.createThrowable(ErrorHandler.java:215)
	at org.openqa.selenium.remote.ErrorHandler.throwIfResponseFailed(ErrorHandler.java:167)
	at org.openqa.selenium.remote.RemoteWebDriver.execute(RemoteWebDriver.java:671)
	at org.openqa.selenium.remote.RemoteWebElement.execute(RemoteWebElement.java:272)
	at org.openqa.selenium.remote.RemoteWebElement.sendKeys(RemoteWebElement.java:96)
	at org.openqa.selenium.support.pagefactory.internal.LocatingElementHandler.invoke(LocatingElementHandler.java:51)
	at com.sun.proxy.$Proxy8.sendKeys(Unknown Source)
	at com.APA.uiActions.LoginPage.login_to_application(LoginPage.java:38)
	at com.APA.HomePage.TC002_VerifyLoginWithInvalidCredentials.verify_login_with_invalid_credentials(TC002_VerifyLoginWithInvalidCredentials.java:47)
... Removed 33 stack frames
</div> <!-- stack-trace -->
                </div> <!-- method-content -->
              </div> <!-- method -->
              <div class="method">
                <div class="method-content">
                  <a name="verify_login_with_invalid_credentials(, 123457)">
                  </a> <!-- verify_login_with_invalid_credentials(, 123457) -->
                  <span class="method-name">verify_login_with_invalid_credentials</span>
                  <span class="parameters">(, 123457)</span>
                  <div class="stack-trace">org.openqa.selenium.WebDriverException: unknown error: call function result missing &apos;value&apos;
  (Session info: chrome=69.0.3497.100)
  (Driver info: chromedriver=2.34.522940 (1a76f96f66e3ca7b8e57d503b4dd3bccfba87af1),platform=Windows NT 10.0.17134 x86_64) (WARNING: The server did not provide any stacktrace information)
Command duration or timeout: 118 milliseconds
Build info: version: &apos;3.4.0&apos;, revision: &apos;unknown&apos;, time: &apos;unknown&apos;
System info: host: &apos;DESKTOP-6UGS3T5&apos;, ip: &apos;192.168.0.106&apos;, os.name: &apos;Windows 10&apos;, os.arch: &apos;amd64&apos;, os.version: &apos;10.0&apos;, java.version: &apos;1.8.0_181&apos;
Driver info: org.openqa.selenium.chrome.ChromeDriver
Capabilities [{applicationCacheEnabled=false, rotatable=false, mobileEmulationEnabled=false, networkConnectionEnabled=false, chrome={chromedriverVersion=2.34.522940 (1a76f96f66e3ca7b8e57d503b4dd3bccfba87af1), userDataDir=C:\Users\V!KA&amp;H~1\AppData\Local\Temp\scoped_dir1904_11436}, takesHeapSnapshot=true, pageLoadStrategy=normal, databaseEnabled=false, handlesAlerts=true, hasTouchScreen=false, version=69.0.3497.100, platform=XP, browserConnectionEnabled=false, nativeEvents=true, acceptSslCerts=true, locationContextEnabled=true, webStorageEnabled=true, browserName=chrome, takesScreenshot=true, javascriptEnabled=true, cssSelectorsEnabled=true, setWindowRect=true, unexpectedAlertBehaviour=}]
Session ID: fbdce64b187110b6ad48a3dd5967a236
	at org.openqa.selenium.remote.ErrorHandler.createThrowable(ErrorHandler.java:215)
	at org.openqa.selenium.remote.ErrorHandler.throwIfResponseFailed(ErrorHandler.java:167)
	at org.openqa.selenium.remote.RemoteWebDriver.execute(RemoteWebDriver.java:671)
	at org.openqa.selenium.remote.RemoteWebElement.execute(RemoteWebElement.java:272)
	at org.openqa.selenium.remote.RemoteWebElement.sendKeys(RemoteWebElement.java:96)
	at org.openqa.selenium.support.pagefactory.internal.LocatingElementHandler.invoke(LocatingElementHandler.java:51)
	at com.sun.proxy.$Proxy8.sendKeys(Unknown Source)
	at com.APA.uiActions.LoginPage.login_to_application(LoginPage.java:38)
	at com.APA.HomePage.TC002_VerifyLoginWithInvalidCredentials.verify_login_with_invalid_credentials(TC002_VerifyLoginWithInvalidCredentials.java:47)
... Removed 33 stack frames
</div> <!-- stack-trace -->
                </div> <!-- method-content -->
              </div> <!-- method -->
              <div class="method">
                <div class="method-content">
                  <a name="verify_login_with_invalid_credentials(TestData123@gmail.com, 123456)">
                  </a> <!-- verify_login_with_invalid_credentials(TestData123@gmail.com, 123456) -->
                  <span class="method-name">verify_login_with_invalid_credentials</span>
                  <span class="parameters">(TestData123@gmail.com, 123456)</span>
                  <div class="stack-trace">org.openqa.selenium.WebDriverException: unknown error: call function result missing &apos;value&apos;
  (Session info: chrome=69.0.3497.100)
  (Driver info: chromedriver=2.34.522940 (1a76f96f66e3ca7b8e57d503b4dd3bccfba87af1),platform=Windows NT 10.0.17134 x86_64) (WARNING: The server did not provide any stacktrace information)
Command duration or timeout: 100 milliseconds
Build info: version: &apos;3.4.0&apos;, revision: &apos;unknown&apos;, time: &apos;unknown&apos;
System info: host: &apos;DESKTOP-6UGS3T5&apos;, ip: &apos;192.168.0.106&apos;, os.name: &apos;Windows 10&apos;, os.arch: &apos;amd64&apos;, os.version: &apos;10.0&apos;, java.version: &apos;1.8.0_181&apos;
Driver info: org.openqa.selenium.chrome.ChromeDriver
Capabilities [{applicationCacheEnabled=false, rotatable=false, mobileEmulationEnabled=false, networkConnectionEnabled=false, chrome={chromedriverVersion=2.34.522940 (1a76f96f66e3ca7b8e57d503b4dd3bccfba87af1), userDataDir=C:\Users\V!KA&amp;H~1\AppData\Local\Temp\scoped_dir10788_25559}, takesHeapSnapshot=true, pageLoadStrategy=normal, databaseEnabled=false, handlesAlerts=true, hasTouchScreen=false, version=69.0.3497.100, platform=XP, browserConnectionEnabled=false, nativeEvents=true, acceptSslCerts=true, locationContextEnabled=true, webStorageEnabled=true, browserName=chrome, takesScreenshot=true, javascriptEnabled=true, cssSelectorsEnabled=true, setWindowRect=true, unexpectedAlertBehaviour=}]
Session ID: 228816cfbd19ef573cfb8d601792bf28
	at org.openqa.selenium.remote.ErrorHandler.createThrowable(ErrorHandler.java:215)
	at org.openqa.selenium.remote.ErrorHandler.throwIfResponseFailed(ErrorHandler.java:167)
	at org.openqa.selenium.remote.RemoteWebDriver.execute(RemoteWebDriver.java:671)
	at org.openqa.selenium.remote.RemoteWebElement.execute(RemoteWebElement.java:272)
	at org.openqa.selenium.remote.RemoteWebElement.sendKeys(RemoteWebElement.java:96)
	at org.openqa.selenium.support.pagefactory.internal.LocatingElementHandler.invoke(LocatingElementHandler.java:51)
	at com.sun.proxy.$Proxy8.sendKeys(Unknown Source)
	at com.APA.uiActions.LoginPage.login_to_application(LoginPage.java:38)
	at com.APA.HomePage.TC002_VerifyLoginWithInvalidCredentials.verify_login_with_invalid_credentials(TC002_VerifyLoginWithInvalidCredentials.java:47)
... Removed 33 stack frames
</div> <!-- stack-trace -->
                </div> <!-- method-content -->
              </div> <!-- method -->
            </div> <!-- main-panel-content rounded-window-bottom -->
          </div> <!-- suite-Failed_suite_[Default_suite]-class-failed -->
        </div> <!-- panel Failed_suite_[Default_suite] -->
        <div panel-name="test-xml-Failed_suite_[Default_suite]" class="panel">
          <div class="main-panel-header rounded-window-top">
            <span class="header-content">C:\Users\V!ka&H Gupta\git\APA\test-output\testng-failed.xml</span>
          </div> <!-- main-panel-header rounded-window-top -->
          <div class="main-panel-content rounded-window-bottom">
            <pre>
&lt;?xml version=&quot;1.0&quot; encoding=&quot;UTF-8&quot;?&gt;
&lt;!DOCTYPE suite SYSTEM &quot;http://testng.org/testng-1.0.dtd&quot;&gt;
&lt;suite guice-stage=&quot;DEVELOPMENT&quot; name=&quot;Failed suite [Default suite]&quot;&gt;
  &lt;test name=&quot;Default test(failed)&quot;&gt;
    &lt;classes&gt;
      &lt;class name=&quot;com.APA.HomePage.TC002_VerifyLoginWithInvalidCredentials&quot;&gt;
        &lt;methods&gt;
          &lt;include name=&quot;verify_login_with_invalid_credentials&quot; invocation-numbers=&quot;0 1 2 3 4 5 6&quot;/&gt;
          &lt;include name=&quot;setup&quot;/&gt;
          &lt;include name=&quot;afterMethod&quot;/&gt;
        &lt;/methods&gt;
      &lt;/class&gt; &lt;!-- com.APA.HomePage.TC002_VerifyLoginWithInvalidCredentials --&gt;
    &lt;/classes&gt;
  &lt;/test&gt; &lt;!-- Default test(failed) --&gt;
&lt;/suite&gt; &lt;!-- Failed suite [Default suite] --&gt;
            </pre>
          </div> <!-- main-panel-content rounded-window-bottom -->
        </div> <!-- panel -->
        <div panel-name="testlist-Failed_suite_[Default_suite]" class="panel">
          <div class="main-panel-header rounded-window-top">
            <span class="header-content">Tests for Failed suite [Default suite]</span>
          </div> <!-- main-panel-header rounded-window-top -->
          <div class="main-panel-content rounded-window-bottom">
            <ul>
              <li>
                <span class="test-name">Default test(failed) (1 class)</span>
              </li>
            </ul>
          </div> <!-- main-panel-content rounded-window-bottom -->
        </div> <!-- panel -->
        <div panel-name="group-Failed_suite_[Default_suite]" class="panel">
          <div class="main-panel-header rounded-window-top">
            <span class="header-content">Groups for Failed suite [Default suite]</span>
          </div> <!-- main-panel-header rounded-window-top -->
          <div class="main-panel-content rounded-window-bottom">
          </div> <!-- main-panel-content rounded-window-bottom -->
        </div> <!-- panel -->
        <div panel-name="times-Failed_suite_[Default_suite]" class="panel">
          <div class="main-panel-header rounded-window-top">
            <span class="header-content">Times for Failed suite [Default suite]</span>
          </div> <!-- main-panel-header rounded-window-top -->
          <div class="main-panel-content rounded-window-bottom">
            <div class="times-div">
              <script type="text/javascript">
suiteTableInitFunctions.push('tableData_Failed_suite_[Default_suite]');
function tableData_Failed_suite_[Default_suite]() {
var data = new google.visualization.DataTable();
data.addColumn('number', 'Number');
data.addColumn('string', 'Method');
data.addColumn('string', 'Class');
data.addColumn('number', 'Time (ms)');
data.addRows(7);
data.setCell(0, 0, 0)
data.setCell(0, 1, 'verify_login_with_invalid_credentials')
data.setCell(0, 2, 'com.APA.HomePage.TC002_VerifyLoginWithInvalidCredentials')
data.setCell(0, 3, 284);
data.setCell(1, 0, 1)
data.setCell(1, 1, 'verify_login_with_invalid_credentials')
data.setCell(1, 2, 'com.APA.HomePage.TC002_VerifyLoginWithInvalidCredentials')
data.setCell(1, 3, 207);
data.setCell(2, 0, 2)
data.setCell(2, 1, 'verify_login_with_invalid_credentials')
data.setCell(2, 2, 'com.APA.HomePage.TC002_VerifyLoginWithInvalidCredentials')
data.setCell(2, 3, 179);
data.setCell(3, 0, 3)
data.setCell(3, 1, 'verify_login_with_invalid_credentials')
data.setCell(3, 2, 'com.APA.HomePage.TC002_VerifyLoginWithInvalidCredentials')
data.setCell(3, 3, 177);
data.setCell(4, 0, 4)
data.setCell(4, 1, 'verify_login_with_invalid_credentials')
data.setCell(4, 2, 'com.APA.HomePage.TC002_VerifyLoginWithInvalidCredentials')
data.setCell(4, 3, 166);
data.setCell(5, 0, 5)
data.setCell(5, 1, 'verify_login_with_invalid_credentials')
data.setCell(5, 2, 'com.APA.HomePage.TC002_VerifyLoginWithInvalidCredentials')
data.setCell(5, 3, 162);
data.setCell(6, 0, 6)
data.setCell(6, 1, 'verify_login_with_invalid_credentials')
data.setCell(6, 2, 'com.APA.HomePage.TC002_VerifyLoginWithInvalidCredentials')
data.setCell(6, 3, 161);
window.suiteTableData['Failed_suite_[Default_suite]']= { tableData: data, tableDiv: 'times-div-Failed_suite_[Default_suite]'}
return data;
}
              </script>
              <span class="suite-total-time">Total running time: 1 seconds</span>
              <div id="times-div-Failed_suite_[Default_suite]">
              </div> <!-- times-div-Failed_suite_[Default_suite] -->
            </div> <!-- times-div -->
          </div> <!-- main-panel-content rounded-window-bottom -->
        </div> <!-- panel -->
        <div panel-name="reporter-Failed_suite_[Default_suite]" class="panel">
          <div class="main-panel-header rounded-window-top">
            <span class="header-content">Reporter output for Failed suite [Default suite]</span>
          </div> <!-- main-panel-header rounded-window-top -->
          <div class="main-panel-content rounded-window-bottom">
          </div> <!-- main-panel-content rounded-window-bottom -->
        </div> <!-- panel -->
        <div panel-name="ignored-methods-Failed_suite_[Default_suite]" class="panel">
          <div class="main-panel-header rounded-window-top">
            <span class="header-content">0 ignored methods</span>
          </div> <!-- main-panel-header rounded-window-top -->
          <div class="main-panel-content rounded-window-bottom">
          </div> <!-- main-panel-content rounded-window-bottom -->
        </div> <!-- panel -->
        <div panel-name="chronological-Failed_suite_[Default_suite]" class="panel">
          <div class="main-panel-header rounded-window-top">
            <span class="header-content">Methods in chronological order</span>
          </div> <!-- main-panel-header rounded-window-top -->
          <div class="main-panel-content rounded-window-bottom">
            <div class="chronological-class">
              <div class="chronological-class-name">com.APA.HomePage.TC002_VerifyLoginWithInvalidCredentials</div> <!-- chronological-class-name -->
              <div class="configuration-method before">
                <span class="method-name">setup(public void com.APA.HomePage.TC002_VerifyLoginWithInvalidCredentials.verify_login_with_invalid_crede...)</span>
                <span class="method-start">0 ms</span>
              </div> <!-- configuration-method before -->
              <div class="test-method">
                <img src="failed.png">
                </img>
                <span class="method-name">verify_login_with_invalid_credentials(TestData123@gmail.com, 123456)</span>
                <span class="method-start">26055 ms</span>
              </div> <!-- test-method -->
              <div class="configuration-method after">
                <span class="method-name">afterMethod([TestResult name=verify_login_with_invalid_credentials status=FAILURE method=TC002_VerifyLoginWithIn...)</span>
                <span class="method-start">26351 ms</span>
              </div> <!-- configuration-method after -->
              <div class="configuration-method before">
                <span class="method-name">setup(public void com.APA.HomePage.TC002_VerifyLoginWithInvalidCredentials.verify_login_with_invalid_crede...)</span>
                <span class="method-start">27769 ms</span>
              </div> <!-- configuration-method before -->
              <div class="test-method">
                <img src="failed.png">
                </img>
                <span class="method-name">verify_login_with_invalid_credentials(testqa1@yopmail.com, Password@123)</span>
                <span class="method-start">34509 ms</span>
              </div> <!-- test-method -->
              <div class="configuration-method after">
                <span class="method-name">afterMethod([TestResult name=verify_login_with_invalid_credentials status=FAILURE method=TC002_VerifyLoginWithIn...)</span>
                <span class="method-start">34721 ms</span>
              </div> <!-- configuration-method after -->
              <div class="configuration-method before">
                <span class="method-name">setup(public void com.APA.HomePage.TC002_VerifyLoginWithInvalidCredentials.verify_login_with_invalid_crede...)</span>
                <span class="method-start">35546 ms</span>
              </div> <!-- configuration-method before -->
              <div class="test-method">
                <img src="failed.png">
                </img>
                <span class="method-name">verify_login_with_invalid_credentials(, 123456)</span>
                <span class="method-start">41974 ms</span>
              </div> <!-- test-method -->
              <div class="configuration-method after">
                <span class="method-name">afterMethod([TestResult name=verify_login_with_invalid_credentials status=FAILURE method=TC002_VerifyLoginWithIn...)</span>
                <span class="method-start">42141 ms</span>
              </div> <!-- configuration-method after -->
              <div class="configuration-method before">
                <span class="method-name">setup(public void com.APA.HomePage.TC002_VerifyLoginWithInvalidCredentials.verify_login_with_invalid_crede...)</span>
                <span class="method-start">42792 ms</span>
              </div> <!-- configuration-method before -->
              <div class="test-method">
                <img src="failed.png">
                </img>
                <span class="method-name">verify_login_with_invalid_credentials(holly@yopmail.com, )</span>
                <span class="method-start">49226 ms</span>
              </div> <!-- test-method -->
              <div class="configuration-method after">
                <span class="method-name">afterMethod([TestResult name=verify_login_with_invalid_credentials status=FAILURE method=TC002_VerifyLoginWithIn...)</span>
                <span class="method-start">49391 ms</span>
              </div> <!-- configuration-method after -->
              <div class="configuration-method before">
                <span class="method-name">setup(public void com.APA.HomePage.TC002_VerifyLoginWithInvalidCredentials.verify_login_with_invalid_crede...)</span>
                <span class="method-start">50090 ms</span>
              </div> <!-- configuration-method before -->
              <div class="test-method">
                <img src="failed.png">
                </img>
                <span class="method-name">verify_login_with_invalid_credentials(, 123457)</span>
                <span class="method-start">56556 ms</span>
              </div> <!-- test-method -->
              <div class="configuration-method after">
                <span class="method-name">afterMethod([TestResult name=verify_login_with_invalid_credentials status=FAILURE method=TC002_VerifyLoginWithIn...)</span>
                <span class="method-start">56738 ms</span>
              </div> <!-- configuration-method after -->
              <div class="configuration-method before">
                <span class="method-name">setup(public void com.APA.HomePage.TC002_VerifyLoginWithInvalidCredentials.verify_login_with_invalid_crede...)</span>
                <span class="method-start">57349 ms</span>
              </div> <!-- configuration-method before -->
              <div class="test-method">
                <img src="failed.png">
                </img>
                <span class="method-name">verify_login_with_invalid_credentials(holla@yopmail.com, )</span>
                <span class="method-start">64308 ms</span>
              </div> <!-- test-method -->
              <div class="configuration-method after">
                <span class="method-name">afterMethod([TestResult name=verify_login_with_invalid_credentials status=FAILURE method=TC002_VerifyLoginWithIn...)</span>
                <span class="method-start">64489 ms</span>
              </div> <!-- configuration-method after -->
              <div class="configuration-method before">
                <span class="method-name">setup(public void com.APA.HomePage.TC002_VerifyLoginWithInvalidCredentials.verify_login_with_invalid_crede...)</span>
                <span class="method-start">65092 ms</span>
              </div> <!-- configuration-method before -->
              <div class="test-method">
                <img src="failed.png">
                </img>
                <span class="method-name">verify_login_with_invalid_credentials(vikashgupta1, T3st@123)</span>
                <span class="method-start">71893 ms</span>
              </div> <!-- test-method -->
              <div class="configuration-method after">
                <span class="method-name">afterMethod([TestResult name=verify_login_with_invalid_credentials status=FAILURE method=TC002_VerifyLoginWithIn...)</span>
                <span class="method-start">72062 ms</span>
              </div> <!-- configuration-method after -->
          </div> <!-- main-panel-content rounded-window-bottom -->
        </div> <!-- panel -->
      </div> <!-- main-panel-root -->
    </div> <!-- wrapper -->
  </body>
</html>
